-------------------------------------------------------------------------------
Test set: NewTest
-------------------------------------------------------------------------------
Tests run: 1, Failures: 1, Errors: 0, Skipped: 0, Time elapsed: 0.006 sec <<< FAILURE!
NewTest.testGooglePageTitleInIEBrowser()  Time elapsed: 0.005 sec  <<< FAILURE!
java.lang.NullPointerException
	at NewTest.testGooglePageTitleInIEBrowser(NewTest.java:23)

